Arguments: 
  /usr/local/Cellar/node/8.9.2/bin/node /usr/local/Cellar/yarn/1.3.2/libexec/bin/yarn.js

PATH: 
  /Users/ahkoppel/.rvm/gems/ruby-2.3.4/bin:/Users/ahkoppel/.rvm/gems/ruby-2.3.4@global/bin:/Users/ahkoppel/.rvm/rubies/ruby-2.3.4/bin:/usr/local/heroku/bin:/usr/local/bin:/usr/bin:/bin:/usr/sbin:/sbin:/opt/local/bin:/opt/local/sbin:/bin:/usr/sbin:/sbin:/usr/local/bin:/usr/bin:/usr/X11/bin:/opt/local/bin:/usr/local/git/bin:/Users/ahkoppel/bin:/opt/local/sbin:/Users/ahkoppel/Context/tools/script:/usr/X11/bin:/usr/bin:./bin:/Users/ahkoppel/.phabricator/arcanist/bin:/Users/ahkoppel/.rvm/bin

Yarn version: 
  1.3.2

Node version: 
  8.9.2

Platform: 
  darwin x64

npm manifest: 
  

yarn manifest: 
  No manifest

Lockfile: 
  No lockfile

Trace: 
  SyntaxError: /Users/ahkoppel/personal/elm-rings/package.json: Unexpected end of JSON input
      at JSON.parse (<anonymous>)
      at /usr/local/Cellar/yarn/1.3.2/libexec/lib/cli.js:770:59
      at Generator.next (<anonymous>)
      at step (/usr/local/Cellar/yarn/1.3.2/libexec/lib/cli.js:92:30)
      at /usr/local/Cellar/yarn/1.3.2/libexec/lib/cli.js:103:13
      at <anonymous>
